<?xml version="1.0" encoding="UTF-8"?>
<testng-results ignored="0" total="1" passed="1" failed="0" skipped="0">
  <reporter-output>
  </reporter-output>
  <suite started-at="2020-04-29T18:30:39 IST" name="Suite" finished-at="2020-04-29T18:30:43 IST" duration-ms="4733">
    <groups>
    </groups>
    <test started-at="2020-04-29T18:30:39 IST" name="Test" finished-at="2020-04-29T18:30:43 IST" duration-ms="4733">
      <class name="loginScript">
        <test-method signature="browserLaunch()[pri:0, instance:loginScript@279ad2e3]" started-at="2020-04-29T18:30:39 IST" name="browserLaunch" finished-at="2020-04-29T18:30:43 IST" duration-ms="4669" status="PASS">
          <reporter-output>
          </reporter-output>
        </test-method> <!-- browserLaunch -->
      </class> <!-- loginScript -->
    </test> <!-- Test -->
  </suite> <!-- Suite -->
</testng-results>
