<?xml version="1.0" encoding="UTF-8"?>
<testng-results ignored="0" total="1" passed="1" failed="0" skipped="0">
  <reporter-output>
  </reporter-output>
  <suite started-at="2020-04-29T14:46:13 IST" name="Default suite" finished-at="2020-04-29T14:46:20 IST" duration-ms="7597">
    <groups>
    </groups>
    <test started-at="2020-04-29T14:46:13 IST" name="Default test" finished-at="2020-04-29T14:46:20 IST" duration-ms="7597">
      <class name="loginScript">
        <test-method signature="browserLaunch()[pri:0, instance:loginScript@78dd667e]" started-at="2020-04-29T14:46:13 IST" name="browserLaunch" finished-at="2020-04-29T14:46:20 IST" duration-ms="7506" status="PASS">
          <reporter-output>
          </reporter-output>
        </test-method> <!-- browserLaunch -->
      </class> <!-- loginScript -->
    </test> <!-- Default test -->
  </suite> <!-- Default suite -->
</testng-results>
